<?xml version="1.0" encoding="UTF-8"?>
<testsuite xmlns:xsi="http://www.w3.org/2001/XMLSchema-instance" xsi:noNamespaceSchemaLocation="https://maven.apache.org/surefire/maven-surefire-plugin/xsd/surefire-test-report-3.0.xsd" version="3.0" name="library.LibraryTest" time="0.068" tests="12" errors="0" skipped="0" failures="0">
  <properties>
[...]
</properties>
  <testcase name="testGetBooksCount_Empty" classname="library.LibraryTest" time="0.002"/>
  <testcase name="testRemoveBookByTitle_Success" classname="library.LibraryTest" time="0.002"/>
  <testcase name="testAddBook" classname="library.LibraryTest" time="0.002"/>
  <testcase name="testGetAllBooks" classname="library.LibraryTest" time="0.005"/>
  <testcase name="testFindBookByTitle_Found" classname="library.LibraryTest" time="0.004"/>
  <testcase name="testDisplayAllBooks_Empty" classname="library.LibraryTest" time="0.004">
    <system-out><![CDATA[Библиотека пуста.
]]></system-out>
  </testcase>
  <testcase name="testFindBookByTitle_NotFound" classname="library.LibraryTest" time="0.003"/>
  <testcase name="testDisplayAllBooks" classname="library.LibraryTest" time="0.015">
    <system-out><![CDATA['Война и мир' (Автор: Лев Толстой, 1869 г.)
]]></system-out>
  </testcase>
  <testcase name="testGetBooksCount_MultipleBooks" classname="library.LibraryTest" time="0.002"/>
  <testcase name="testGetAllBooks_Empty" classname="library.LibraryTest" time="0.002"/>
  <testcase name="testFindBookByTitle_CaseInsensitive" classname="library.LibraryTest" time="0.001"/>
  <testcase name="testRemoveBookByTitle_NotFound" classname="library.LibraryTest" time="0.003"/>
</testsuite>